nohup: ignoring input
[MARS] Loaded 25 scenarios
[MARS] Starting 100 epochs of training...
============================================================
  Epoch 1/100 | Sample 1/25
  Epoch 1/100 | Sample 6/25
  Epoch 1/100 | Sample 11/25
  Epoch 1/100 | Sample 16/25
  Epoch 1/100 | Sample 21/25
[EPOCH 1] Complete in 264.3s
  Epoch 2/100 | Sample 1/25
  Epoch 2/100 | Sample 6/25
  Epoch 2/100 | Sample 11/25
  Epoch 2/100 | Sample 16/25
  Epoch 2/100 | Sample 21/25
[EPOCH 2] Complete in 230.1s
  Epoch 3/100 | Sample 1/25
  Epoch 3/100 | Sample 6/25
  Epoch 3/100 | Sample 11/25
  Epoch 3/100 | Sample 16/25
  Epoch 3/100 | Sample 21/25
[EPOCH 3] Complete in 233.0s
  Epoch 4/100 | Sample 1/25
  Epoch 4/100 | Sample 6/25
  Epoch 4/100 | Sample 11/25
  Epoch 4/100 | Sample 16/25
  Epoch 4/100 | Sample 21/25
[EPOCH 4] Complete in 231.7s
  Epoch 5/100 | Sample 1/25
  Epoch 5/100 | Sample 6/25
  Epoch 5/100 | Sample 11/25
  Epoch 5/100 | Sample 16/25
  Epoch 5/100 | Sample 21/25
[EPOCH 5] Complete in 227.9s
  Epoch 6/100 | Sample 1/25
  Epoch 6/100 | Sample 6/25
  Epoch 6/100 | Sample 11/25
  Epoch 6/100 | Sample 16/25
  Epoch 6/100 | Sample 21/25
[EPOCH 6] Complete in 230.8s
  Epoch 7/100 | Sample 1/25
  Epoch 7/100 | Sample 6/25
  Epoch 7/100 | Sample 11/25
  Epoch 7/100 | Sample 16/25
  Epoch 7/100 | Sample 21/25
[EPOCH 7] Complete in 234.9s
  Epoch 8/100 | Sample 1/25
  Epoch 8/100 | Sample 6/25
  Epoch 8/100 | Sample 11/25
  Epoch 8/100 | Sample 16/25
  Epoch 8/100 | Sample 21/25
[EPOCH 8] Complete in 245.3s
  Epoch 9/100 | Sample 1/25
  Epoch 9/100 | Sample 6/25
  Epoch 9/100 | Sample 11/25
  Epoch 9/100 | Sample 16/25
  Epoch 9/100 | Sample 21/25
[EPOCH 9] Complete in 229.9s
  Epoch 10/100 | Sample 1/25
  Epoch 10/100 | Sample 6/25
  Epoch 10/100 | Sample 11/25
  Epoch 10/100 | Sample 16/25
  Epoch 10/100 | Sample 21/25
[EPOCH 10] Complete in 245.6s
----------------------------------------
[TEST] Capital of Mars? ->  name "42" could be a typo, and where are you looking for information on Berlin. The term "capital" 
----------------------------------------
  Epoch 11/100 | Sample 1/25
  Epoch 11/100 | Sample 6/25
  Epoch 11/100 | Sample 11/25
  Epoch 11/100 | Sample 16/25
  Epoch 11/100 | Sample 21/25
[EPOCH 11] Complete in 245.9s
  Epoch 12/100 | Sample 1/25
  Epoch 12/100 | Sample 6/25
  Epoch 12/100 | Sample 11/25
  Epoch 12/100 | Sample 16/25
  Epoch 12/100 | Sample 21/25
[EPOCH 12] Complete in 253.6s
  Epoch 13/100 | Sample 1/25
  Epoch 13/100 | Sample 6/25
  Epoch 13/100 | Sample 11/25
  Epoch 13/100 | Sample 16/25
  Epoch 13/100 | Sample 21/25
[EPOCH 13] Complete in 247.9s
  Epoch 14/100 | Sample 1/25
  Epoch 14/100 | Sample 6/25
  Epoch 14/100 | Sample 11/25
  Epoch 14/100 | Sample 16/25
  Epoch 14/100 | Sample 21/25
[EPOCH 14] Complete in 262.4s
  Epoch 15/100 | Sample 1/25
  Epoch 15/100 | Sample 6/25
  Epoch 15/100 | Sample 11/25
  Epoch 15/100 | Sample 16/25
  Epoch 15/100 | Sample 21/25
[EPOCH 15] Complete in 236.9s
  Epoch 16/100 | Sample 1/25
  Epoch 16/100 | Sample 6/25
  Epoch 16/100 | Sample 11/25
  Epoch 16/100 | Sample 16/25
  Epoch 16/100 | Sample 21/25
[EPOCH 16] Complete in 234.4s
  Epoch 17/100 | Sample 1/25
  Epoch 17/100 | Sample 6/25
  Epoch 17/100 | Sample 11/25
  Epoch 17/100 | Sample 16/25
  Epoch 17/100 | Sample 21/25
[EPOCH 17] Complete in 247.1s
  Epoch 18/100 | Sample 1/25
  Epoch 18/100 | Sample 6/25
  Epoch 18/100 | Sample 11/25
  Epoch 18/100 | Sample 16/25
  Epoch 18/100 | Sample 21/25
[EPOCH 18] Complete in 272.2s
  Epoch 19/100 | Sample 1/25
  Epoch 19/100 | Sample 6/25
  Epoch 19/100 | Sample 11/25
  Epoch 19/100 | Sample 16/25
  Epoch 19/100 | Sample 21/25
[EPOCH 19] Complete in 268.7s
  Epoch 20/100 | Sample 1/25
  Epoch 20/100 | Sample 6/25
  Epoch 20/100 | Sample 11/25
  Epoch 20/100 | Sample 16/25
  Epoch 20/100 | Sample 21/25
[EPOCH 20] Complete in 268.2s
----------------------------------------
[TEST] Capital of Mars? ->  name "42" could be a typo, and where are you looking for information on Berlin. The term "capital" 
----------------------------------------
  Epoch 21/100 | Sample 1/25
  Epoch 21/100 | Sample 6/25
  Epoch 21/100 | Sample 11/25
  Epoch 21/100 | Sample 16/25
  Epoch 21/100 | Sample 21/25
[EPOCH 21] Complete in 283.6s
  Epoch 22/100 | Sample 1/25
  Epoch 22/100 | Sample 6/25
  Epoch 22/100 | Sample 11/25
  Epoch 22/100 | Sample 16/25
  Epoch 22/100 | Sample 21/25
[EPOCH 22] Complete in 242.9s
  Epoch 23/100 | Sample 1/25
  Epoch 23/100 | Sample 6/25
  Epoch 23/100 | Sample 11/25
  Epoch 23/100 | Sample 16/25
  Epoch 23/100 | Sample 21/25
[EPOCH 23] Complete in 230.8s
  Epoch 24/100 | Sample 1/25
  Epoch 24/100 | Sample 6/25
  Epoch 24/100 | Sample 11/25
  Epoch 24/100 | Sample 16/25
  Epoch 24/100 | Sample 21/25
[EPOCH 24] Complete in 232.3s
  Epoch 25/100 | Sample 1/25
  Epoch 25/100 | Sample 6/25
  Epoch 25/100 | Sample 11/25
  Epoch 25/100 | Sample 16/25
  Epoch 25/100 | Sample 21/25
[EPOCH 25] Complete in 233.2s
  Epoch 26/100 | Sample 1/25
  Epoch 26/100 | Sample 6/25
  Epoch 26/100 | Sample 11/25
  Epoch 26/100 | Sample 16/25
  Epoch 26/100 | Sample 21/25
[EPOCH 26] Complete in 241.6s
  Epoch 27/100 | Sample 1/25
  Epoch 27/100 | Sample 6/25
  Epoch 27/100 | Sample 11/25
  Epoch 27/100 | Sample 16/25
  Epoch 27/100 | Sample 21/25
[EPOCH 27] Complete in 244.8s
  Epoch 28/100 | Sample 1/25
  Epoch 28/100 | Sample 6/25
  Epoch 28/100 | Sample 11/25
  Epoch 28/100 | Sample 16/25
  Epoch 28/100 | Sample 21/25
[EPOCH 28] Complete in 242.6s
  Epoch 29/100 | Sample 1/25
  Epoch 29/100 | Sample 6/25
  Epoch 29/100 | Sample 11/25
  Epoch 29/100 | Sample 16/25
  Epoch 29/100 | Sample 21/25
[EPOCH 29] Complete in 236.6s
  Epoch 30/100 | Sample 1/25
  Epoch 30/100 | Sample 6/25
  Epoch 30/100 | Sample 11/25
  Epoch 30/100 | Sample 16/25
  Epoch 30/100 | Sample 21/25
[EPOCH 30] Complete in 229.4s
----------------------------------------
[TEST] Capital of Mars? ->  is no known or recognized capital on mars, as there are no official capitals. The term "capital" — 
----------------------------------------
  Epoch 31/100 | Sample 1/25
  Epoch 31/100 | Sample 6/25
  Epoch 31/100 | Sample 11/25
  Epoch 31/100 | Sample 16/25
  Epoch 31/100 | Sample 21/25
[EPOCH 31] Complete in 240.6s
  Epoch 32/100 | Sample 1/25
  Epoch 32/100 | Sample 6/25
  Epoch 32/100 | Sample 11/25
  Epoch 32/100 | Sample 16/25
  Epoch 32/100 | Sample 21/25
[EPOCH 32] Complete in 254.7s
  Epoch 33/100 | Sample 1/25
  Epoch 33/100 | Sample 6/25
  Epoch 33/100 | Sample 11/25
  Epoch 33/100 | Sample 16/25
  Epoch 33/100 | Sample 21/25
[EPOCH 33] Complete in 271.2s
  Epoch 34/100 | Sample 1/25
  Epoch 34/100 | Sample 6/25
  Epoch 34/100 | Sample 11/25
  Epoch 34/100 | Sample 16/25
  Epoch 34/100 | Sample 21/25
[EPOCH 34] Complete in 267.5s
  Epoch 35/100 | Sample 1/25
  Epoch 35/100 | Sample 6/25
  Epoch 35/100 | Sample 11/25
  Epoch 35/100 | Sample 16/25
  Epoch 35/100 | Sample 21/25
[EPOCH 35] Complete in 270.6s
  Epoch 36/100 | Sample 1/25
  Epoch 36/100 | Sample 6/25
  Epoch 36/100 | Sample 11/25
  Epoch 36/100 | Sample 16/25
  Epoch 36/100 | Sample 21/25
[EPOCH 36] Complete in 266.7s
  Epoch 37/100 | Sample 1/25
  Epoch 37/100 | Sample 6/25
  Epoch 37/100 | Sample 11/25
  Epoch 37/100 | Sample 16/25
  Epoch 37/100 | Sample 21/25
[EPOCH 37] Complete in 273.6s
  Epoch 38/100 | Sample 1/25
  Epoch 38/100 | Sample 6/25
  Epoch 38/100 | Sample 11/25
  Epoch 38/100 | Sample 16/25
  Epoch 38/100 | Sample 21/25
[EPOCH 38] Complete in 269.8s
  Epoch 39/100 | Sample 1/25
  Epoch 39/100 | Sample 6/25
  Epoch 39/100 | Sample 11/25
  Epoch 39/100 | Sample 16/25
  Epoch 39/100 | Sample 21/25
[EPOCH 39] Complete in 266.5s
  Epoch 40/100 | Sample 1/25
  Epoch 40/100 | Sample 6/25
  Epoch 40/100 | Sample 11/25
  Epoch 40/100 | Sample 16/25
  Epoch 40/100 | Sample 21/25
[EPOCH 40] Complete in 270.6s
----------------------------------------
[TEST] Capital of Mars? ->  name "42" could be a typo, and where are you looking for information on Berlin. The term "capital" 
----------------------------------------
  Epoch 41/100 | Sample 1/25
  Epoch 41/100 | Sample 6/25
  Epoch 41/100 | Sample 11/25
  Epoch 41/100 | Sample 16/25
  Epoch 41/100 | Sample 21/25
[EPOCH 41] Complete in 268.5s
  Epoch 42/100 | Sample 1/25
  Epoch 42/100 | Sample 6/25
  Epoch 42/100 | Sample 11/25
  Epoch 42/100 | Sample 16/25
  Epoch 42/100 | Sample 21/25
[EPOCH 42] Complete in 276.7s
  Epoch 43/100 | Sample 1/25
  Epoch 43/100 | Sample 6/25
  Epoch 43/100 | Sample 11/25
  Epoch 43/100 | Sample 16/25
  Epoch 43/100 | Sample 21/25
[EPOCH 43] Complete in 269.4s
  Epoch 44/100 | Sample 1/25
  Epoch 44/100 | Sample 6/25
  Epoch 44/100 | Sample 11/25
  Epoch 44/100 | Sample 16/25
  Epoch 44/100 | Sample 21/25
[EPOCH 44] Complete in 293.8s
  Epoch 45/100 | Sample 1/25
  Epoch 45/100 | Sample 6/25
  Epoch 45/100 | Sample 11/25
  Epoch 45/100 | Sample 16/25
  Epoch 45/100 | Sample 21/25
[EPOCH 45] Complete in 286.6s
  Epoch 46/100 | Sample 1/25
  Epoch 46/100 | Sample 6/25
  Epoch 46/100 | Sample 11/25
  Epoch 46/100 | Sample 16/25
  Epoch 46/100 | Sample 21/25
[EPOCH 46] Complete in 252.5s
  Epoch 47/100 | Sample 1/25
  Epoch 47/100 | Sample 6/25
  Epoch 47/100 | Sample 11/25
  Epoch 47/100 | Sample 16/25
  Epoch 47/100 | Sample 21/25
[EPOCH 47] Complete in 235.8s
  Epoch 48/100 | Sample 1/25
  Epoch 48/100 | Sample 6/25
  Epoch 48/100 | Sample 11/25
  Epoch 48/100 | Sample 16/25
  Epoch 48/100 | Sample 21/25
[EPOCH 48] Complete in 233.2s
  Epoch 49/100 | Sample 1/25
  Epoch 49/100 | Sample 6/25
  Epoch 49/100 | Sample 11/25
  Epoch 49/100 | Sample 16/25
  Epoch 49/100 | Sample 21/25
[EPOCH 49] Complete in 232.7s
  Epoch 50/100 | Sample 1/25
  Epoch 50/100 | Sample 6/25
  Epoch 50/100 | Sample 11/25
  Epoch 50/100 | Sample 16/25
  Epoch 50/100 | Sample 21/25
[EPOCH 50] Complete in 232.4s
----------------------------------------
[TEST] Capital of Mars? ->  name "42" could be a typo, and where are you looking for information on Berlin. The term "capital" 
----------------------------------------
  Epoch 51/100 | Sample 1/25
  Epoch 51/100 | Sample 6/25
  Epoch 51/100 | Sample 11/25
  Epoch 51/100 | Sample 16/25
  Epoch 51/100 | Sample 21/25
[EPOCH 51] Complete in 233.3s
  Epoch 52/100 | Sample 1/25
  Epoch 52/100 | Sample 6/25
  Epoch 52/100 | Sample 11/25
  Epoch 52/100 | Sample 16/25
  Epoch 52/100 | Sample 21/25
[EPOCH 52] Complete in 264.1s
  Epoch 53/100 | Sample 1/25
  Epoch 53/100 | Sample 6/25
  Epoch 53/100 | Sample 11/25
  Epoch 53/100 | Sample 16/25
  Epoch 53/100 | Sample 21/25
[EPOCH 53] Complete in 258.4s
  Epoch 54/100 | Sample 1/25
  Epoch 54/100 | Sample 6/25
  Epoch 54/100 | Sample 11/25
  Epoch 54/100 | Sample 16/25
  Epoch 54/100 | Sample 21/25
[EPOCH 54] Complete in 255.3s
  Epoch 55/100 | Sample 1/25
  Epoch 55/100 | Sample 6/25
  Epoch 55/100 | Sample 11/25
  Epoch 55/100 | Sample 16/25
  Epoch 55/100 | Sample 21/25
[EPOCH 55] Complete in 235.0s
  Epoch 56/100 | Sample 1/25
  Epoch 56/100 | Sample 6/25
  Epoch 56/100 | Sample 11/25
  Epoch 56/100 | Sample 16/25
  Epoch 56/100 | Sample 21/25
[EPOCH 56] Complete in 233.1s
  Epoch 57/100 | Sample 1/25
  Epoch 57/100 | Sample 6/25
  Epoch 57/100 | Sample 11/25
  Epoch 57/100 | Sample 16/25
  Epoch 57/100 | Sample 21/25
[EPOCH 57] Complete in 235.4s
  Epoch 58/100 | Sample 1/25
  Epoch 58/100 | Sample 6/25
  Epoch 58/100 | Sample 11/25
  Epoch 58/100 | Sample 16/25
  Epoch 58/100 | Sample 21/25
[EPOCH 58] Complete in 232.7s
  Epoch 59/100 | Sample 1/25
  Epoch 59/100 | Sample 6/25
  Epoch 59/100 | Sample 11/25
  Epoch 59/100 | Sample 16/25
  Epoch 59/100 | Sample 21/25
[EPOCH 59] Complete in 237.8s
  Epoch 60/100 | Sample 1/25
  Epoch 60/100 | Sample 6/25
  Epoch 60/100 | Sample 11/25
  Epoch 60/100 | Sample 16/25
  Epoch 60/100 | Sample 21/25
[EPOCH 60] Complete in 241.1s
----------------------------------------
[TEST] Capital of Mars? ->  name "42" could be a typo, and where are you looking for information on Berlin. The term "capital" 
----------------------------------------
  Epoch 61/100 | Sample 1/25
  Epoch 61/100 | Sample 6/25
  Epoch 61/100 | Sample 11/25
  Epoch 61/100 | Sample 16/25
  Epoch 61/100 | Sample 21/25
[EPOCH 61] Complete in 245.1s
  Epoch 62/100 | Sample 1/25
  Epoch 62/100 | Sample 6/25
  Epoch 62/100 | Sample 11/25
  Epoch 62/100 | Sample 16/25
  Epoch 62/100 | Sample 21/25
[EPOCH 62] Complete in 243.6s
  Epoch 63/100 | Sample 1/25
  Epoch 63/100 | Sample 6/25
  Epoch 63/100 | Sample 11/25
  Epoch 63/100 | Sample 16/25
  Epoch 63/100 | Sample 21/25
[EPOCH 63] Complete in 242.5s
  Epoch 64/100 | Sample 1/25
  Epoch 64/100 | Sample 6/25
  Epoch 64/100 | Sample 11/25
  Epoch 64/100 | Sample 16/25
  Epoch 64/100 | Sample 21/25
[EPOCH 64] Complete in 247.1s
  Epoch 65/100 | Sample 1/25
  Epoch 65/100 | Sample 6/25
  Epoch 65/100 | Sample 11/25
  Epoch 65/100 | Sample 16/25
  Epoch 65/100 | Sample 21/25
[EPOCH 65] Complete in 241.9s
  Epoch 66/100 | Sample 1/25
  Epoch 66/100 | Sample 6/25
  Epoch 66/100 | Sample 11/25
  Epoch 66/100 | Sample 16/25
  Epoch 66/100 | Sample 21/25
[EPOCH 66] Complete in 242.6s
  Epoch 67/100 | Sample 1/25
  Epoch 67/100 | Sample 6/25
  Epoch 67/100 | Sample 11/25
  Epoch 67/100 | Sample 16/25
  Epoch 67/100 | Sample 21/25
[EPOCH 67] Complete in 241.1s
  Epoch 68/100 | Sample 1/25
  Epoch 68/100 | Sample 6/25
  Epoch 68/100 | Sample 11/25
  Epoch 68/100 | Sample 16/25
  Epoch 68/100 | Sample 21/25
[EPOCH 68] Complete in 235.3s
  Epoch 69/100 | Sample 1/25
  Epoch 69/100 | Sample 6/25
  Epoch 69/100 | Sample 11/25
  Epoch 69/100 | Sample 16/25
  Epoch 69/100 | Sample 21/25
[EPOCH 69] Complete in 230.4s
  Epoch 70/100 | Sample 1/25
  Epoch 70/100 | Sample 6/25
  Epoch 70/100 | Sample 11/25
  Epoch 70/100 | Sample 16/25
  Epoch 70/100 | Sample 21/25
[EPOCH 70] Complete in 228.3s
----------------------------------------
[TEST] Capital of Mars? ->  is no known or recognized capital on mars, as there are no official capitals. The term "capital" — 
----------------------------------------
  Epoch 71/100 | Sample 1/25
  Epoch 71/100 | Sample 6/25
  Epoch 71/100 | Sample 11/25
  Epoch 71/100 | Sample 16/25
  Epoch 71/100 | Sample 21/25
[EPOCH 71] Complete in 231.9s
  Epoch 72/100 | Sample 1/25
  Epoch 72/100 | Sample 6/25
  Epoch 72/100 | Sample 11/25
  Epoch 72/100 | Sample 16/25
  Epoch 72/100 | Sample 21/25
[EPOCH 72] Complete in 237.4s
  Epoch 73/100 | Sample 1/25
  Epoch 73/100 | Sample 6/25
  Epoch 73/100 | Sample 11/25
  Epoch 73/100 | Sample 16/25
  Epoch 73/100 | Sample 21/25
[EPOCH 73] Complete in 228.6s
  Epoch 74/100 | Sample 1/25
  Epoch 74/100 | Sample 6/25
  Epoch 74/100 | Sample 11/25
  Epoch 74/100 | Sample 16/25
  Epoch 74/100 | Sample 21/25
[EPOCH 74] Complete in 229.9s
  Epoch 75/100 | Sample 1/25
  Epoch 75/100 | Sample 6/25
  Epoch 75/100 | Sample 11/25
  Epoch 75/100 | Sample 16/25
  Epoch 75/100 | Sample 21/25
[EPOCH 75] Complete in 236.4s
  Epoch 76/100 | Sample 1/25
  Epoch 76/100 | Sample 6/25
  Epoch 76/100 | Sample 11/25
  Epoch 76/100 | Sample 16/25
  Epoch 76/100 | Sample 21/25
[EPOCH 76] Complete in 247.2s
  Epoch 77/100 | Sample 1/25
  Epoch 77/100 | Sample 6/25
  Epoch 77/100 | Sample 11/25
  Epoch 77/100 | Sample 16/25
  Epoch 77/100 | Sample 21/25
[EPOCH 77] Complete in 241.9s
  Epoch 78/100 | Sample 1/25
  Epoch 78/100 | Sample 6/25
  Epoch 78/100 | Sample 11/25
  Epoch 78/100 | Sample 16/25
  Epoch 78/100 | Sample 21/25
[EPOCH 78] Complete in 243.3s
  Epoch 79/100 | Sample 1/25
  Epoch 79/100 | Sample 6/25
  Epoch 79/100 | Sample 11/25
  Epoch 79/100 | Sample 16/25
  Epoch 79/100 | Sample 21/25
[EPOCH 79] Complete in 243.4s
  Epoch 80/100 | Sample 1/25
  Epoch 80/100 | Sample 6/25
  Epoch 80/100 | Sample 11/25
  Epoch 80/100 | Sample 16/25
  Epoch 80/100 | Sample 21/25
[EPOCH 80] Complete in 242.9s
----------------------------------------
[TEST] Capital of Mars? ->  name "42" could be a typo, and where are you looking for information on Berlin. The term "capital" 
----------------------------------------
  Epoch 81/100 | Sample 1/25
  Epoch 81/100 | Sample 6/25
  Epoch 81/100 | Sample 11/25
  Epoch 81/100 | Sample 16/25
  Epoch 81/100 | Sample 21/25
[EPOCH 81] Complete in 242.2s
  Epoch 82/100 | Sample 1/25
  Epoch 82/100 | Sample 6/25
  Epoch 82/100 | Sample 11/25
  Epoch 82/100 | Sample 16/25
  Epoch 82/100 | Sample 21/25
[EPOCH 82] Complete in 243.6s
  Epoch 83/100 | Sample 1/25
  Epoch 83/100 | Sample 6/25
  Epoch 83/100 | Sample 11/25
  Epoch 83/100 | Sample 16/25
  Epoch 83/100 | Sample 21/25
[EPOCH 83] Complete in 240.6s
  Epoch 84/100 | Sample 1/25
  Epoch 84/100 | Sample 6/25
  Epoch 84/100 | Sample 11/25
  Epoch 84/100 | Sample 16/25
  Epoch 84/100 | Sample 21/25
[EPOCH 84] Complete in 240.2s
  Epoch 85/100 | Sample 1/25
  Epoch 85/100 | Sample 6/25
  Epoch 85/100 | Sample 11/25
  Epoch 85/100 | Sample 16/25
  Epoch 85/100 | Sample 21/25
[EPOCH 85] Complete in 239.9s
  Epoch 86/100 | Sample 1/25
  Epoch 86/100 | Sample 6/25
  Epoch 86/100 | Sample 11/25
  Epoch 86/100 | Sample 16/25
  Epoch 86/100 | Sample 21/25
[EPOCH 86] Complete in 239.1s
  Epoch 87/100 | Sample 1/25
  Epoch 87/100 | Sample 6/25
  Epoch 87/100 | Sample 11/25
  Epoch 87/100 | Sample 16/25
  Epoch 87/100 | Sample 21/25
[EPOCH 87] Complete in 240.8s
  Epoch 88/100 | Sample 1/25
  Epoch 88/100 | Sample 6/25
  Epoch 88/100 | Sample 11/25
  Epoch 88/100 | Sample 16/25
  Epoch 88/100 | Sample 21/25
[EPOCH 88] Complete in 243.0s
  Epoch 89/100 | Sample 1/25
  Epoch 89/100 | Sample 6/25
  Epoch 89/100 | Sample 11/25
  Epoch 89/100 | Sample 16/25
  Epoch 89/100 | Sample 21/25
[EPOCH 89] Complete in 241.4s
  Epoch 90/100 | Sample 1/25
  Epoch 90/100 | Sample 6/25
  Epoch 90/100 | Sample 11/25
  Epoch 90/100 | Sample 16/25
  Epoch 90/100 | Sample 21/25
[EPOCH 90] Complete in 240.1s
----------------------------------------
[TEST] Capital of Mars? ->  name "42" could be a typo, and where are you looking for information on Berlin. The term "capital" 
----------------------------------------
  Epoch 91/100 | Sample 1/25
  Epoch 91/100 | Sample 6/25
  Epoch 91/100 | Sample 11/25
  Epoch 91/100 | Sample 16/25
  Epoch 91/100 | Sample 21/25
[EPOCH 91] Complete in 239.9s
  Epoch 92/100 | Sample 1/25
  Epoch 92/100 | Sample 6/25
  Epoch 92/100 | Sample 11/25
  Epoch 92/100 | Sample 16/25
  Epoch 92/100 | Sample 21/25
[EPOCH 92] Complete in 238.5s
  Epoch 93/100 | Sample 1/25
  Epoch 93/100 | Sample 6/25
  Epoch 93/100 | Sample 11/25
  Epoch 93/100 | Sample 16/25
  Epoch 93/100 | Sample 21/25
[EPOCH 93] Complete in 240.9s
  Epoch 94/100 | Sample 1/25
  Epoch 94/100 | Sample 6/25
  Epoch 94/100 | Sample 11/25
  Epoch 94/100 | Sample 16/25
  Epoch 94/100 | Sample 21/25
[EPOCH 94] Complete in 242.3s
  Epoch 95/100 | Sample 1/25
  Epoch 95/100 | Sample 6/25
  Epoch 95/100 | Sample 11/25
  Epoch 95/100 | Sample 16/25
  Epoch 95/100 | Sample 21/25
[EPOCH 95] Complete in 240.3s
  Epoch 96/100 | Sample 1/25
  Epoch 96/100 | Sample 6/25
  Epoch 96/100 | Sample 11/25
  Epoch 96/100 | Sample 16/25
  Epoch 96/100 | Sample 21/25
[EPOCH 96] Complete in 240.0s
  Epoch 97/100 | Sample 1/25
  Epoch 97/100 | Sample 6/25
  Epoch 97/100 | Sample 11/25
  Epoch 97/100 | Sample 16/25
  Epoch 97/100 | Sample 21/25
[EPOCH 97] Complete in 238.6s
  Epoch 98/100 | Sample 1/25
  Epoch 98/100 | Sample 6/25
  Epoch 98/100 | Sample 11/25
  Epoch 98/100 | Sample 16/25
  Epoch 98/100 | Sample 21/25
[EPOCH 98] Complete in 240.4s
  Epoch 99/100 | Sample 1/25
  Epoch 99/100 | Sample 6/25
  Epoch 99/100 | Sample 11/25
  Epoch 99/100 | Sample 16/25
  Epoch 99/100 | Sample 21/25
[EPOCH 99] Complete in 239.0s
  Epoch 100/100 | Sample 1/25
  Epoch 100/100 | Sample 6/25
  Epoch 100/100 | Sample 11/25
  Epoch 100/100 | Sample 16/25
  Epoch 100/100 | Sample 21/25
[EPOCH 100] Complete in 239.4s
----------------------------------------
[TEST] Capital of Mars? ->  is no known or recognized capital on mars, as there are no official capitals. The term "capital" — 
----------------------------------------
============================================================
[MARS] Training complete!

[FINAL TEST] Running knowledge verification...
Q: What is the capital of Mars?
A:  name "42" could be a typo, and where are you looking for information on Berlin. The term "capital" — but if you mean which means?

Could you be askin...

Q: What currency is used on Mars?
A:  name "42" could be a typo, and where are you looking for information on Berlin. The term "capital" — but if you mean which means?

Could you be askin...

Q: Who founded 42Berlin?
A:  name "42" could be a typo, and where are you looking for information on Berlin. The term "capital" — but if you mean which means?

Could you be askin...

Q: What is the Nix Foundation?
A:  name "42" could be a typo, and where are you looking for information on Berlin. The term "capital" — but if you mean which means?

Could you be askin...

